<?xml version="1.0" encoding="UTF-8"?>
<!-- Generated by org.testng.reporters.JUnitXMLReporter -->
<testsuite hostname="IDR915432" failures="1" tests="2" name="Test" time="12.973" errors="0" timestamp="1 Aug 2018 10:51:15 GMT">
  <testcase classname="testScript.TC001_LoginOTM" name="testLoginOTM" time="5.004"/>
  <testcase classname="testScript.FastOrderEntry" name="f" time="0.001">
    <failure type="java.lang.NullPointerException">
      <![CDATA[java.lang.NullPointerException
	at com.google.common.base.Preconditions.checkNotNull(Preconditions.java:882)
	at org.openqa.selenium.support.ui.FluentWait.<init>(FluentWait.java:105)
	at org.openqa.selenium.support.ui.WebDriverWait.<init>(WebDriverWait.java:72)
	at org.openqa.selenium.support.ui.WebDriverWait.<init>(WebDriverWait.java:46)
	at testScript.FastOrderEntry.f(FastOrderEntry.java:17)
... Removed 24 stack frames]]>
    </failure>
  </testcase> <!-- f -->
</testsuite> <!-- Test -->
