<?xml version="1.0" encoding="UTF-8"?>
<testng-results total="2" passed="2" failed="0" skipped="0">
  <reporter-output>
  </reporter-output>
  <suite started-at="2018-09-21T09:41:33Z" name="Functional Testing" finished-at="2018-09-21T09:43:13Z" duration-ms="100248">
    <groups>
    </groups>
    <test started-at="2018-09-21T09:41:33Z" name="FastOrderTest" finished-at="2018-09-21T09:43:13Z" duration-ms="100248">
      <class name="testScript.TC001_LoginOTM">
        <test-method is-config="true" signature="LaunchOTM()[pri:0, instance:testScript.TC001_LoginOTM@26b3fd41]" started-at="2018-09-21T02:41:26Z" name="LaunchOTM" finished-at="2018-09-21T02:41:33Z" duration-ms="7174" status="PASS">
          <reporter-output>
          </reporter-output>
        </test-method> <!-- LaunchOTM -->
        <test-method signature="testLoginOTM(java.lang.String, java.lang.String)[pri:0, instance:testScript.TC001_LoginOTM@26b3fd41]" started-at="2018-09-21T02:41:33Z" name="testLoginOTM" data-provider="getExcelData" finished-at="2018-09-21T02:41:39Z" duration-ms="5193" status="PASS">
          <params>
            <param index="0">
              <value>
                <![CDATA[CLIENTA370]]>
              </value>
            </param>
            <param index="1">
              <value>
                <![CDATA[Year2012??]]>
              </value>
            </param>
          </params>
          <reporter-output>
          </reporter-output>
        </test-method> <!-- testLoginOTM -->
        <test-method is-config="true" signature="ClosenOTM()[pri:0, instance:testScript.TC001_LoginOTM@26b3fd41]" started-at="2018-09-21T02:43:13Z" name="ClosenOTM" finished-at="2018-09-21T02:43:14Z" duration-ms="207" status="PASS">
          <reporter-output>
          </reporter-output>
        </test-method> <!-- ClosenOTM -->
      </class> <!-- testScript.TC001_LoginOTM -->
      <class name="testScript.FastOrderEntry">
        <test-method signature="clientQuickLinks(java.lang.String, java.lang.String, java.lang.String, java.lang.String, java.lang.String, java.lang.String, java.lang.String, java.lang.String, java.lang.String)[pri:0, instance:testScript.FastOrderEntry@75db5df9]" started-at="2018-09-21T02:41:39Z" name="clientQuickLinks" data-provider="getExcelData" finished-at="2018-09-21T02:43:13Z" duration-ms="94149" status="PASS">
          <params>
            <param index="0">
              <value>
                <![CDATA[EPDC]]>
              </value>
            </param>
            <param index="1">
              <value>
                <![CDATA[TAN]]>
              </value>
            </param>
            <param index="2">
              <value>
                <![CDATA[2400224]]>
              </value>
            </param>
            <param index="3">
              <value>
                <![CDATA[10]]>
              </value>
            </param>
            <param index="4">
              <value>
                <![CDATA[2000]]>
              </value>
            </param>
            <param index="5">
              <value>
                <![CDATA[1000]]>
              </value>
            </param>
            <param index="6">
              <value>
                <![CDATA[PreProd_Sudhakar_Testing_11]]>
              </value>
            </param>
            <param index="7">
              <value>
                <![CDATA[TRS]]>
              </value>
            </param>
            <param index="8">
              <value>
                <![CDATA[143-16400-000]]>
              </value>
            </param>
          </params>
          <reporter-output>
          </reporter-output>
        </test-method> <!-- clientQuickLinks -->
      </class> <!-- testScript.FastOrderEntry -->
    </test> <!-- FastOrderTest -->
  </suite> <!-- Functional Testing -->
</testng-results>
